<?xml version="1.0" encoding="UTF-8"?>
<!-- Generated by org.testng.reporters.JUnitReportReporter -->
<testsuite hostname="LP-132" name="com.zopperSanity.launchingOnChrome" tests="1" failures="0" timestamp="21 Jun 2016 11:04:52 GMT" time="17.897" errors="0">
  <testcase name="zopperTestOnChrome" time="17.897" classname="com.zopperSanity.launchingOnChrome"/>
</testsuite> <!-- com.zopperSanity.launchingOnChrome -->
