<?xml version="1.0" encoding="UTF-8"?>
<!-- Generated by org.testng.reporters.JUnitReportReporter -->
<testsuite hostname="LP-132" name="com.zopperSanity.LaunchZopper" tests="1" failures="1" timestamp="23 May 2016 11:24:49 GMT" time="46.795" errors="0">
  <testcase name="testZopperTitle" time="46.795" classname="com.zopperSanity.LaunchZopper">
    <failure type="org.openqa.selenium.WebDriverException" message="Failed to connect to binary FirefoxBinary(C:\Program Files (x86)\Mozilla Firefox\firefox.exe) on port 7055; process output follows: 
4002650839	addons.xpi	DEBUG	Registering manifest for C:\Program Files (x86)\Mozilla Firefox\browser\features\firefox@getpocket.com.xpi
1464002650839	addons.xpi	DEBUG	Calling bootstrap method startup on firefox@getpocket.com version 1.0
1464002650840	addons.xpi	DEBUG	Registering manifest for C:\Program Files (x86)\Mozilla Firefox\browser\features\loop@mozilla.org.xpi
1464002650841	addons.xpi	DEBUG	Calling bootstrap method startup on loop@mozilla.org version 1.2.6
1464002650864	addons.xpi	DEBUG	Registering manifest for C:\Program Files (x86)\Mozilla Firefox\browser\extensions\{82AF8DCA-6DE9-405D-BD5E-43525BDAD38A}.xpi
1464002650865	addons.xpi	DEBUG	Calling bootstrap method startup on {82AF8DCA-6DE9-405D-BD5E-43525BDAD38A} version 8.0.0.9103
1464002650917	addons.manager	DEBUG	Registering shutdown blocker for XPIProvider
1464002650917	addons.manager	DEBUG	Provider finished startup: XPIProvider
1464002650917	addons.manager	DEBUG	Starting provider: LightweightThemeManager
1464002650917	addons.manager	DEBUG	Registering shutdown blocker for LightweightThemeManager
1464002650917	addons.manager	DEBUG	Provider finished startup: LightweightThemeManager
1464002650918	addons.manager	DEBUG	Starting provider: GMPProvider
1464002650922	addons.manager	DEBUG	Registering shutdown blocker for GMPProvider
1464002650923	addons.manager	DEBUG	Provider finished startup: GMPProvider
1464002650923	addons.manager	DEBUG	Starting provider: PluginProvider
1464002650923	addons.manager	DEBUG	Registering shutdown blocker for PluginProvider
1464002650923	addons.manager	DEBUG	Provider finished startup: PluginProvider
1464002650924	addons.manager	DEBUG	Completed startup sequence
1464002653681	addons.manager	DEBUG	Starting provider: &lt;unnamed-provider&gt;
1464002653681	addons.manager	DEBUG	Registering shutdown blocker for &lt;unnamed-provider&gt;
1464002653681	addons.manager	DEBUG	Provider finished startup: &lt;unnamed-provider&gt;
1464002653682	DeferredSave.extensions.json	DEBUG	Write succeeded
1464002653682	DeferredSave.extensions.json	DEBUG	Starting timer
1464002653739	DeferredSave.extensions.json	DEBUG	Starting write
1464002653880	addons.repository	DEBUG	No addons.json found.
1464002653880	DeferredSave.addons.json	DEBUG	Save changes
1464002653882	DeferredSave.addons.json	DEBUG	Starting timer
1464002654168	addons.manager	DEBUG	Starting provider: PreviousExperimentProvider
1464002654168	addons.manager	DEBUG	Registering shutdown blocker for PreviousExperimentProvider
1464002654168	addons.manager	DEBUG	Provider finished startup: PreviousExperimentProvider
1464002654172	DeferredSave.addons.json	DEBUG	Starting write
1464002654187	DeferredSave.extensions.json	DEBUG	Write succeeded
1464002654337	DeferredSave.addons.json	DEBUG	Write succeeded
1464002664445	addons.xpi	DEBUG	Calling bootstrap method shutdown on e10srollout@mozilla.org version 1.0
1464002664446	addons.xpi	DEBUG	Calling bootstrap method shutdown on firefox@getpocket.com version 1.0
1464002664446	addons.xpi	DEBUG	Calling bootstrap method shutdown on loop@mozilla.org version 1.2.6
1464002664449	addons.xpi	DEBUG	Calling bootstrap method shutdown on {82AF8DCA-6DE9-405D-BD5E-43525BDAD38A} version 8.0.0.9103
JavaScript error: resource://gre/components/nsUrlClassifierListManager.js, line 471: TypeError: this.tablesData[table] is undefined
1464002664771	addons.manager	DEBUG	shutdown
1464002664773	addons.manager	DEBUG	Calling shutdown blocker for XPIProvider
1464002664773	addons.xpi	DEBUG	shutdown
1464002664773	addons.xpi-utils	DEBUG	shutdown
1464002664774	addons.manager	DEBUG	Calling shutdown blocker for LightweightThemeManager
1464002664774	addons.manager	DEBUG	Calling shutdown blocker for GMPProvider
1464002664776	addons.manager	DEBUG	Calling shutdown blocker for PluginProvider
1464002664777	addons.manager	DEBUG	Calling shutdown blocker for &lt;unnamed-provider&gt;
1464002664778	addons.manager	DEBUG	Calling shutdown blocker for PreviousExperimentProvider
1464002664780	addons.xpi	DEBUG	Notifying XPI shutdown observers
1464002664784	addons.manager	DEBUG	Async provider shutdown done

Build info: version: &#039;2.48.2&#039;, revision: &#039;41bccdd10cf2c0560f637404c2d96164b67d9d67&#039;, time: &#039;2015-10-09 13:08:06&#039;
System info: host: &#039;LP-132&#039;, ip: &#039;192.168.10.167&#039;, os.name: &#039;Windows 7&#039;, os.arch: &#039;amd64&#039;, os.version: &#039;6.1&#039;, java.version: &#039;1.8.0_25&#039;
Driver info: driver.version: FirefoxDriver">
      <![CDATA[org.openqa.selenium.WebDriverException: Failed to connect to binary FirefoxBinary(C:\Program Files (x86)\Mozilla Firefox\firefox.exe) on port 7055; process output follows: 
4002650839	addons.xpi	DEBUG	Registering manifest for C:\Program Files (x86)\Mozilla Firefox\browser\features\firefox@getpocket.com.xpi
1464002650839	addons.xpi	DEBUG	Calling bootstrap method startup on firefox@getpocket.com version 1.0
1464002650840	addons.xpi	DEBUG	Registering manifest for C:\Program Files (x86)\Mozilla Firefox\browser\features\loop@mozilla.org.xpi
1464002650841	addons.xpi	DEBUG	Calling bootstrap method startup on loop@mozilla.org version 1.2.6
1464002650864	addons.xpi	DEBUG	Registering manifest for C:\Program Files (x86)\Mozilla Firefox\browser\extensions\{82AF8DCA-6DE9-405D-BD5E-43525BDAD38A}.xpi
1464002650865	addons.xpi	DEBUG	Calling bootstrap method startup on {82AF8DCA-6DE9-405D-BD5E-43525BDAD38A} version 8.0.0.9103
1464002650917	addons.manager	DEBUG	Registering shutdown blocker for XPIProvider
1464002650917	addons.manager	DEBUG	Provider finished startup: XPIProvider
1464002650917	addons.manager	DEBUG	Starting provider: LightweightThemeManager
1464002650917	addons.manager	DEBUG	Registering shutdown blocker for LightweightThemeManager
1464002650917	addons.manager	DEBUG	Provider finished startup: LightweightThemeManager
1464002650918	addons.manager	DEBUG	Starting provider: GMPProvider
1464002650922	addons.manager	DEBUG	Registering shutdown blocker for GMPProvider
1464002650923	addons.manager	DEBUG	Provider finished startup: GMPProvider
1464002650923	addons.manager	DEBUG	Starting provider: PluginProvider
1464002650923	addons.manager	DEBUG	Registering shutdown blocker for PluginProvider
1464002650923	addons.manager	DEBUG	Provider finished startup: PluginProvider
1464002650924	addons.manager	DEBUG	Completed startup sequence
1464002653681	addons.manager	DEBUG	Starting provider: <unnamed-provider>
1464002653681	addons.manager	DEBUG	Registering shutdown blocker for <unnamed-provider>
1464002653681	addons.manager	DEBUG	Provider finished startup: <unnamed-provider>
1464002653682	DeferredSave.extensions.json	DEBUG	Write succeeded
1464002653682	DeferredSave.extensions.json	DEBUG	Starting timer
1464002653739	DeferredSave.extensions.json	DEBUG	Starting write
1464002653880	addons.repository	DEBUG	No addons.json found.
1464002653880	DeferredSave.addons.json	DEBUG	Save changes
1464002653882	DeferredSave.addons.json	DEBUG	Starting timer
1464002654168	addons.manager	DEBUG	Starting provider: PreviousExperimentProvider
1464002654168	addons.manager	DEBUG	Registering shutdown blocker for PreviousExperimentProvider
1464002654168	addons.manager	DEBUG	Provider finished startup: PreviousExperimentProvider
1464002654172	DeferredSave.addons.json	DEBUG	Starting write
1464002654187	DeferredSave.extensions.json	DEBUG	Write succeeded
1464002654337	DeferredSave.addons.json	DEBUG	Write succeeded
1464002664445	addons.xpi	DEBUG	Calling bootstrap method shutdown on e10srollout@mozilla.org version 1.0
1464002664446	addons.xpi	DEBUG	Calling bootstrap method shutdown on firefox@getpocket.com version 1.0
1464002664446	addons.xpi	DEBUG	Calling bootstrap method shutdown on loop@mozilla.org version 1.2.6
1464002664449	addons.xpi	DEBUG	Calling bootstrap method shutdown on {82AF8DCA-6DE9-405D-BD5E-43525BDAD38A} version 8.0.0.9103
JavaScript error: resource://gre/components/nsUrlClassifierListManager.js, line 471: TypeError: this.tablesData[table] is undefined
1464002664771	addons.manager	DEBUG	shutdown
1464002664773	addons.manager	DEBUG	Calling shutdown blocker for XPIProvider
1464002664773	addons.xpi	DEBUG	shutdown
1464002664773	addons.xpi-utils	DEBUG	shutdown
1464002664774	addons.manager	DEBUG	Calling shutdown blocker for LightweightThemeManager
1464002664774	addons.manager	DEBUG	Calling shutdown blocker for GMPProvider
1464002664776	addons.manager	DEBUG	Calling shutdown blocker for PluginProvider
1464002664777	addons.manager	DEBUG	Calling shutdown blocker for <unnamed-provider>
1464002664778	addons.manager	DEBUG	Calling shutdown blocker for PreviousExperimentProvider
1464002664780	addons.xpi	DEBUG	Notifying XPI shutdown observers
1464002664784	addons.manager	DEBUG	Async provider shutdown done

Build info: version: '2.48.2', revision: '41bccdd10cf2c0560f637404c2d96164b67d9d67', time: '2015-10-09 13:08:06'
System info: host: 'LP-132', ip: '192.168.10.167', os.name: 'Windows 7', os.arch: 'amd64', os.version: '6.1', java.version: '1.8.0_25'
Driver info: driver.version: FirefoxDriver
	at org.openqa.selenium.firefox.internal.NewProfileExtensionConnection.start(NewProfileExtensionConnection.java:135)
	at org.openqa.selenium.firefox.FirefoxDriver.startClient(FirefoxDriver.java:271)
	at org.openqa.selenium.remote.RemoteWebDriver.<init>(RemoteWebDriver.java:117)
	at org.openqa.selenium.firefox.FirefoxDriver.<init>(FirefoxDriver.java:216)
	at org.openqa.selenium.firefox.FirefoxDriver.<init>(FirefoxDriver.java:211)
	at org.openqa.selenium.firefox.FirefoxDriver.<init>(FirefoxDriver.java:207)
	at org.openqa.selenium.firefox.FirefoxDriver.<init>(FirefoxDriver.java:120)
	at com.zopperSanity.LaunchZopper.testZopperTitle(LaunchZopper.java:17)
	at sun.reflect.NativeMethodAccessorImpl.invoke0(Native Method)
	at sun.reflect.NativeMethodAccessorImpl.invoke(Unknown Source)
	at sun.reflect.DelegatingMethodAccessorImpl.invoke(Unknown Source)
	at java.lang.reflect.Method.invoke(Unknown Source)
	at org.testng.internal.MethodInvocationHelper.invokeMethod(MethodInvocationHelper.java:84)
	at org.testng.internal.Invoker.invokeMethod(Invoker.java:714)
	at org.testng.internal.Invoker.invokeTestMethod(Invoker.java:901)
	at org.testng.internal.Invoker.invokeTestMethods(Invoker.java:1231)
	at org.testng.internal.TestMethodWorker.invokeTestMethods(TestMethodWorker.java:127)
	at org.testng.internal.TestMethodWorker.run(TestMethodWorker.java:111)
	at org.testng.TestRunner.privateRun(TestRunner.java:767)
	at org.testng.TestRunner.run(TestRunner.java:617)
	at org.testng.SuiteRunner.runTest(SuiteRunner.java:348)
	at org.testng.SuiteRunner.runSequentially(SuiteRunner.java:343)
	at org.testng.SuiteRunner.privateRun(SuiteRunner.java:305)
	at org.testng.SuiteRunner.run(SuiteRunner.java:254)
	at org.testng.SuiteRunnerWorker.runSuite(SuiteRunnerWorker.java:52)
	at org.testng.SuiteRunnerWorker.run(SuiteRunnerWorker.java:86)
	at org.testng.TestNG.runSuitesSequentially(TestNG.java:1224)
	at org.testng.TestNG.runSuitesLocally(TestNG.java:1149)
	at org.testng.TestNG.run(TestNG.java:1057)
	at org.testng.remote.RemoteTestNG.run(RemoteTestNG.java:111)
	at org.testng.remote.RemoteTestNG.initAndRun(RemoteTestNG.java:204)
	at org.testng.remote.RemoteTestNG.main(RemoteTestNG.java:175)
Caused by: org.openqa.selenium.firefox.NotConnectedException: Unable to connect to host 127.0.0.1 on port 7055 after 45000 ms. Firefox console output:
4002650839	addons.xpi	DEBUG	Registering manifest for C:\Program Files (x86)\Mozilla Firefox\browser\features\firefox@getpocket.com.xpi
1464002650839	addons.xpi	DEBUG	Calling bootstrap method startup on firefox@getpocket.com version 1.0
1464002650840	addons.xpi	DEBUG	Registering manifest for C:\Program Files (x86)\Mozilla Firefox\browser\features\loop@mozilla.org.xpi
1464002650841	addons.xpi	DEBUG	Calling bootstrap method startup on loop@mozilla.org version 1.2.6
1464002650864	addons.xpi	DEBUG	Registering manifest for C:\Program Files (x86)\Mozilla Firefox\browser\extensions\{82AF8DCA-6DE9-405D-BD5E-43525BDAD38A}.xpi
1464002650865	addons.xpi	DEBUG	Calling bootstrap method startup on {82AF8DCA-6DE9-405D-BD5E-43525BDAD38A} version 8.0.0.9103
1464002650917	addons.manager	DEBUG	Registering shutdown blocker for XPIProvider
1464002650917	addons.manager	DEBUG	Provider finished startup: XPIProvider
1464002650917	addons.manager	DEBUG	Starting provider: LightweightThemeManager
1464002650917	addons.manager	DEBUG	Registering shutdown blocker for LightweightThemeManager
1464002650917	addons.manager	DEBUG	Provider finished startup: LightweightThemeManager
1464002650918	addons.manager	DEBUG	Starting provider: GMPProvider
1464002650922	addons.manager	DEBUG	Registering shutdown blocker for GMPProvider
1464002650923	addons.manager	DEBUG	Provider finished startup: GMPProvider
1464002650923	addons.manager	DEBUG	Starting provider: PluginProvider
1464002650923	addons.manager	DEBUG	Registering shutdown blocker for PluginProvider
1464002650923	addons.manager	DEBUG	Provider finished startup: PluginProvider
1464002650924	addons.manager	DEBUG	Completed startup sequence
1464002653681	addons.manager	DEBUG	Starting provider: <unnamed-provider>
1464002653681	addons.manager	DEBUG	Registering shutdown blocker for <unnamed-provider>
1464002653681	addons.manager	DEBUG	Provider finished startup: <unnamed-provider>
1464002653682	DeferredSave.extensions.json	DEBUG	Write succeeded
1464002653682	DeferredSave.extensions.json	DEBUG	Starting timer
1464002653739	DeferredSave.extensions.json	DEBUG	Starting write
1464002653880	addons.repository	DEBUG	No addons.json found.
1464002653880	DeferredSave.addons.json	DEBUG	Save changes
1464002653882	DeferredSave.addons.json	DEBUG	Starting timer
1464002654168	addons.manager	DEBUG	Starting provider: PreviousExperimentProvider
1464002654168	addons.manager	DEBUG	Registering shutdown blocker for PreviousExperimentProvider
1464002654168	addons.manager	DEBUG	Provider finished startup: PreviousExperimentProvider
1464002654172	DeferredSave.addons.json	DEBUG	Starting write
1464002654187	DeferredSave.extensions.json	DEBUG	Write succeeded
1464002654337	DeferredSave.addons.json	DEBUG	Write succeeded
1464002664445	addons.xpi	DEBUG	Calling bootstrap method shutdown on e10srollout@mozilla.org version 1.0
1464002664446	addons.xpi	DEBUG	Calling bootstrap method shutdown on firefox@getpocket.com version 1.0
1464002664446	addons.xpi	DEBUG	Calling bootstrap method shutdown on loop@mozilla.org version 1.2.6
1464002664449	addons.xpi	DEBUG	Calling bootstrap method shutdown on {82AF8DCA-6DE9-405D-BD5E-43525BDAD38A} version 8.0.0.9103
JavaScript error: resource://gre/components/nsUrlClassifierListManager.js, line 471: TypeError: this.tablesData[table] is undefined
1464002664771	addons.manager	DEBUG	shutdown
1464002664773	addons.manager	DEBUG	Calling shutdown blocker for XPIProvider
1464002664773	addons.xpi	DEBUG	shutdown
1464002664773	addons.xpi-utils	DEBUG	shutdown
1464002664774	addons.manager	DEBUG	Calling shutdown blocker for LightweightThemeManager
1464002664774	addons.manager	DEBUG	Calling shutdown blocker for GMPProvider
1464002664776	addons.manager	DEBUG	Calling shutdown blocker for PluginProvider
1464002664777	addons.manager	DEBUG	Calling shutdown blocker for <unnamed-provider>
1464002664778	addons.manager	DEBUG	Calling shutdown blocker for PreviousExperimentProvider
1464002664780	addons.xpi	DEBUG	Notifying XPI shutdown observers
1464002664784	addons.manager	DEBUG	Async provider shutdown done

	at org.openqa.selenium.firefox.internal.NewProfileExtensionConnection.start(NewProfileExtensionConnection.java:123)
	... 31 more
]]>
    </failure>
  </testcase> <!-- testZopperTitle -->
</testsuite> <!-- com.zopperSanity.LaunchZopper -->
