<?xml version="1.0" encoding="UTF-8"?>
<!-- Generated by org.testng.reporters.JUnitReportReporter -->
<testsuite hostname="LP-132" name="com.zopperSanity.VerifyTitle" tests="2" failures="0" timestamp="25 Jun 2016 15:22:36 GMT" time="49.412" errors="0">
  <testcase name="verifyMyAccount" time="32.182" classname="com.zopperSanity.VerifyTitle"/>
  <testcase name="verifyBlogTitle" time="17.230" classname="com.zopperSanity.VerifyTitle"/>
</testsuite> <!-- com.zopperSanity.VerifyTitle -->
