<?xml version="1.0" encoding="UTF-8"?>
<!-- Generated by org.testng.reporters.JUnitReportReporter -->
<testsuite hostname="LP-132" name="com.zopperSanity.zopperLogin" tests="1" failures="0" timestamp="21 Jun 2016 15:57:07 GMT" time="24.478" errors="0">
  <testcase name="gPlusLogin" time="24.478" classname="com.zopperSanity.zopperLogin"/>
</testsuite> <!-- com.zopperSanity.zopperLogin -->
