<?xml version="1.0" encoding="UTF-8"?>
<!-- Generated by org.testng.reporters.JUnitReportReporter -->
<testsuite hostname="LP-132" name="com.zopperSanity.buyNowForProduct" tests="2" failures="0" timestamp="24 Jun 2016 05:24:44 GMT" time="129.481" errors="0">
  <testcase name="buyNowProduct" time="92.849" classname="com.zopperSanity.buyNowForProduct"/>
  <testcase name="verifyBlogTitle" time="36.632" classname="com.zopperSanity.buyNowForProduct"/>
</testsuite> <!-- com.zopperSanity.buyNowForProduct -->
